0 info it worked if it ends with ok
1 verbose cli [ '/usr/local/bin/node',
1 verbose cli   '/usr/local/bin/npm',
1 verbose cli   'install',
1 verbose cli   '-g',
1 verbose cli   'hs' ]
2 info using npm@2.14.20
3 info using node@v4.4.1
4 verbose install initial load of /usr/local/lib/package.json
5 verbose readDependencies loading dependencies from /usr/local/lib/package.json
6 silly cache add args [ 'hs', null ]
7 verbose cache add spec hs
8 silly cache add parsed spec Result {
8 silly cache add   raw: 'hs',
8 silly cache add   scope: null,
8 silly cache add   name: 'hs',
8 silly cache add   rawSpec: '',
8 silly cache add   spec: 'latest',
8 silly cache add   type: 'tag' }
9 silly addNamed hs@latest
10 verbose addNamed "latest" is being treated as a dist-tag for hs
11 info addNameTag [ 'hs', 'latest' ]
12 silly mapToRegistry name hs
13 silly mapToRegistry using default registry
14 silly mapToRegistry registry https://registry.npmjs.org/
15 silly mapToRegistry uri https://registry.npmjs.org/hs
16 verbose addNameTag registry:https://registry.npmjs.org/hs not in flight; fetching
17 verbose request uri https://registry.npmjs.org/hs
18 verbose request no auth needed
19 info attempt registry request try #1 at 5:01:08 PM
20 verbose request id 593c981116e7e607
21 verbose etag "EXPK0VAEOOK5R77BH6PDK7C94"
22 http request GET https://registry.npmjs.org/hs
23 http 304 https://registry.npmjs.org/hs
24 verbose headers { date: 'Sun, 27 Mar 2016 21:01:09 GMT',
24 verbose headers   via: '1.1 varnish',
24 verbose headers   'cache-control': 'max-age=300',
24 verbose headers   etag: '"EXPK0VAEOOK5R77BH6PDK7C94"',
24 verbose headers   age: '0',
24 verbose headers   connection: 'keep-alive',
24 verbose headers   'x-served-by': 'cache-iad2122-IAD',
24 verbose headers   'x-cache': 'MISS',
24 verbose headers   'x-cache-hits': '0',
24 verbose headers   'x-timer': 'S1459112469.193097,VS0,VE83',
24 verbose headers   vary: 'Accept' }
25 silly get cb [ 304,
25 silly get   { date: 'Sun, 27 Mar 2016 21:01:09 GMT',
25 silly get     via: '1.1 varnish',
25 silly get     'cache-control': 'max-age=300',
25 silly get     etag: '"EXPK0VAEOOK5R77BH6PDK7C94"',
25 silly get     age: '0',
25 silly get     connection: 'keep-alive',
25 silly get     'x-served-by': 'cache-iad2122-IAD',
25 silly get     'x-cache': 'MISS',
25 silly get     'x-cache-hits': '0',
25 silly get     'x-timer': 'S1459112469.193097,VS0,VE83',
25 silly get     vary: 'Accept' } ]
26 verbose etag https://registry.npmjs.org/hs from cache
27 verbose get saving hs to /Users/cstark/.npm/registry.npmjs.org/hs/.cache.json
28 verbose correctMkdir /Users/cstark/.npm correctMkdir not in flight; initializing
29 silly addNameTag next cb for hs with tag latest
30 silly addNamed hs@2.0.1
31 verbose addNamed "2.0.1" is a plain semver version for hs
32 silly cache afterAdd hs@2.0.1
33 verbose afterAdd /Users/cstark/.npm/hs/2.0.1/package/package.json not in flight; writing
34 verbose correctMkdir /Users/cstark/.npm correctMkdir not in flight; initializing
35 verbose afterAdd /Users/cstark/.npm/hs/2.0.1/package/package.json written
36 silly install resolved [ { name: 'hs',
36 silly install resolved     version: '2.0.1',
36 silly install resolved     description: 'Store and load large pieces of data online',
36 silly install resolved     main: 'bin/hs',
36 silly install resolved     bin: { hs: 'bin/hs', haste: 'bin/hs' },
36 silly install resolved     dependencies:
36 silly install resolved      { chalk: '^1.1.0',
36 silly install resolved        commander: '^2.8.1',
36 silly install resolved        'request-promise': '^0.4.3' },
36 silly install resolved     devDependencies: {},
36 silly install resolved     scripts: { test: 'node bin/hs' },
36 silly install resolved     repository:
36 silly install resolved      { type: 'git',
36 silly install resolved        url: 'git+ssh://git@github.com/ajay-gandhi/hs.git' },
36 silly install resolved     keywords: [ 'save', 'store', 'load', 'public' ],
36 silly install resolved     author: { name: 'Ajay Gandhi' },
36 silly install resolved     license: 'ISC',
36 silly install resolved     gitHead: '4535a9d7cd68fdd591dce441748ece234789e076',
36 silly install resolved     bugs: { url: 'https://github.com/ajay-gandhi/hs/issues' },
36 silly install resolved     homepage: 'https://github.com/ajay-gandhi/hs#readme',
36 silly install resolved     _id: 'hs@2.0.1',
36 silly install resolved     _shasum: '0950176eebea60bf40f8fafbbc95c69eaaeba87d',
36 silly install resolved     _from: 'hs@latest',
36 silly install resolved     _npmVersion: '2.14.2',
36 silly install resolved     _nodeVersion: '4.0.0',
36 silly install resolved     _npmUser: { name: 'ajaygandhi', email: 'aag255@cornell.edu' },
36 silly install resolved     dist:
36 silly install resolved      { shasum: '0950176eebea60bf40f8fafbbc95c69eaaeba87d',
36 silly install resolved        tarball: 'http://registry.npmjs.org/hs/-/hs-2.0.1.tgz' },
36 silly install resolved     maintainers: [ [Object] ],
36 silly install resolved     _npmOperationalInternal:
36 silly install resolved      { host: 'packages-9-west.internal.npmjs.com',
36 silly install resolved        tmp: 'tmp/hs-2.0.1.tgz_1454604905179_0.958158993627876' },
36 silly install resolved     directories: {},
36 silly install resolved     _resolved: 'https://registry.npmjs.org/hs/-/hs-2.0.1.tgz',
36 silly install resolved     readme: 'ERROR: No README data found!' } ]
37 info install hs@2.0.1 into /usr/local/lib
38 info installOne hs@2.0.1
39 verbose installOne of hs to /usr/local/lib not in flight; installing
40 verbose correctMkdir /Users/cstark/.npm/_locks correctMkdir not in flight; initializing
41 verbose lock using /Users/cstark/.npm/_locks/hs-caad9d07acbef7a5.lock for /usr/local/lib/node_modules/hs
42 silly install write writing hs 2.0.1 to /usr/local/lib/node_modules/hs
43 verbose unbuild lib/node_modules/hs
44 silly gentlyRm /usr/local/lib/node_modules/hs is being purged from base /usr/local
45 verbose gentlyRm don't care about contents; nuking /usr/local/lib/node_modules/hs
46 verbose tar unpack /Users/cstark/.npm/hs/2.0.1/package.tgz
47 verbose tar unpacking to /usr/local/lib/node_modules/hs
48 silly gentlyRm /usr/local/lib/node_modules/hs is being purged
49 verbose gentlyRm don't care about contents; nuking /usr/local/lib/node_modules/hs
50 silly gunzTarPerm modes [ '755', '644' ]
51 error tar.unpack untar error /Users/cstark/.npm/hs/2.0.1/package.tgz
52 verbose unlock done using /Users/cstark/.npm/_locks/hs-caad9d07acbef7a5.lock for /usr/local/lib/node_modules/hs
53 verbose fstream_path /usr/local/lib/node_modules/hs
54 verbose fstream_type Directory
55 verbose fstream_class DirWriter
56 verbose stack Error: EACCES: permission denied, mkdir '/usr/local/lib/node_modules/hs'
56 verbose stack     at Error (native)
57 verbose fstream_stack /usr/local/lib/node_modules/npm/node_modules/fstream/lib/dir-writer.js:35:25
57 verbose fstream_stack /usr/local/lib/node_modules/npm/node_modules/mkdirp/index.js:47:53
57 verbose fstream_stack FSReqWrap.oncomplete (fs.js:82:15)
58 verbose cwd /Users/cstark/WDI/exercises/angular_todo
59 error Darwin 15.3.0
60 error argv "/usr/local/bin/node" "/usr/local/bin/npm" "install" "-g" "hs"
61 error node v4.4.1
62 error npm  v2.14.20
63 error path /usr/local/lib/node_modules/hs
64 error code EACCES
65 error errno -13
66 error syscall mkdir
67 error Error: EACCES: permission denied, mkdir '/usr/local/lib/node_modules/hs'
67 error     at Error (native)
67 error  { [Error: EACCES: permission denied, mkdir '/usr/local/lib/node_modules/hs']
67 error   errno: -13,
67 error   code: 'EACCES',
67 error   syscall: 'mkdir',
67 error   path: '/usr/local/lib/node_modules/hs',
67 error   fstream_type: 'Directory',
67 error   fstream_path: '/usr/local/lib/node_modules/hs',
67 error   fstream_class: 'DirWriter',
67 error   fstream_stack:
67 error    [ '/usr/local/lib/node_modules/npm/node_modules/fstream/lib/dir-writer.js:35:25',
67 error      '/usr/local/lib/node_modules/npm/node_modules/mkdirp/index.js:47:53',
67 error      'FSReqWrap.oncomplete (fs.js:82:15)' ] }
68 error Please try running this command again as root/Administrator.
69 verbose exit [ -13, true ]
70 verbose unbuild lib/node_modules/hs
71 silly gentlyRm /usr/local/lib/node_modules/hs is being purged from base /usr/local
72 verbose gentlyRm don't care about contents; nuking /usr/local/lib/node_modules/hs
